Loading tensorflow-gpu/py3/1.15.2
  Loading requirement: gcc/8.3.1 cuda/10.1.2 nccl/2.5.6-2-cuda
    cudnn/10.1-v7.5.1.10 openmpi/4.0.2-cuda
+ export PYTHONPATH=:/gpfswork/rech/xdy/uze68md/GitHub/alpha-transform
+ PYTHONPATH=:/gpfswork/rech/xdy/uze68md/GitHub/alpha-transform
+ export PYTHONPATH=:/gpfswork/rech/xdy/uze68md/GitHub/alpha-transform:/gpfswork/rech/xdy/uze68md/GitHub/score
+ PYTHONPATH=:/gpfswork/rech/xdy/uze68md/GitHub/alpha-transform:/gpfswork/rech/xdy/uze68md/GitHub/score
+ cd /gpfswork/rech/xdy/uze68md/GitHub/ShapeDeconv/scripts/FBnet
+ python ./FBSnet_radio.py
WARNING:tensorflow:From ./FBSnet_radio.py:28: The name tf.enable_eager_execution is deprecated. Please use tf.compat.v1.enable_eager_execution instead.

/gpfswork/rech/xdy/uze68md/GitHub/score/cadmos_lib.py:104: ComplexWarning: Casting complex values to real discards the imaginary part
  coeff[s] = trafo.adjoint_transform(temp, do_norm=False)
2021-07-07 01:16:31.615168: I tensorflow/stream_executor/platform/default/dso_loader.cc:44] Successfully opened dynamic library libcuda.so.1
2021-07-07 01:16:31.660847: I tensorflow/core/common_runtime/gpu/gpu_device.cc:1639] Found device 0 with properties: 
name: Tesla V100-SXM2-16GB major: 7 minor: 0 memoryClockRate(GHz): 1.53
pciBusID: 0000:1c:00.0
2021-07-07 01:16:31.660933: I tensorflow/stream_executor/platform/default/dso_loader.cc:44] Successfully opened dynamic library libcudart.so.10.1
2021-07-07 01:16:31.663903: I tensorflow/stream_executor/platform/default/dso_loader.cc:44] Successfully opened dynamic library libcublas.so.10
2021-07-07 01:16:31.672394: I tensorflow/stream_executor/platform/default/dso_loader.cc:44] Successfully opened dynamic library libcufft.so.10
2021-07-07 01:16:31.673130: I tensorflow/stream_executor/platform/default/dso_loader.cc:44] Successfully opened dynamic library libcurand.so.10
2021-07-07 01:16:31.676137: I tensorflow/stream_executor/platform/default/dso_loader.cc:44] Successfully opened dynamic library libcusolver.so.10
2021-07-07 01:16:31.677505: I tensorflow/stream_executor/platform/default/dso_loader.cc:44] Successfully opened dynamic library libcusparse.so.10
2021-07-07 01:16:31.682581: I tensorflow/stream_executor/platform/default/dso_loader.cc:44] Successfully opened dynamic library libcudnn.so.7
2021-07-07 01:16:31.684441: I tensorflow/core/common_runtime/gpu/gpu_device.cc:1767] Adding visible gpu devices: 0
2021-07-07 01:16:31.691959: I tensorflow/core/platform/profile_utils/cpu_utils.cc:94] CPU Frequency: 2500000000 Hz
2021-07-07 01:16:31.692840: I tensorflow/compiler/xla/service/service.cc:168] XLA service 0x5574cf268160 initialized for platform Host (this does not guarantee that XLA will be used). Devices:
2021-07-07 01:16:31.692877: I tensorflow/compiler/xla/service/service.cc:176]   StreamExecutor device (0): Host, Default Version
2021-07-07 01:16:31.694185: I tensorflow/core/common_runtime/gpu/gpu_device.cc:1639] Found device 0 with properties: 
name: Tesla V100-SXM2-16GB major: 7 minor: 0 memoryClockRate(GHz): 1.53
pciBusID: 0000:1c:00.0
2021-07-07 01:16:31.694231: I tensorflow/stream_executor/platform/default/dso_loader.cc:44] Successfully opened dynamic library libcudart.so.10.1
2021-07-07 01:16:31.694256: I tensorflow/stream_executor/platform/default/dso_loader.cc:44] Successfully opened dynamic library libcublas.so.10
2021-07-07 01:16:31.694275: I tensorflow/stream_executor/platform/default/dso_loader.cc:44] Successfully opened dynamic library libcufft.so.10
2021-07-07 01:16:31.694293: I tensorflow/stream_executor/platform/default/dso_loader.cc:44] Successfully opened dynamic library libcurand.so.10
2021-07-07 01:16:31.694315: I tensorflow/stream_executor/platform/default/dso_loader.cc:44] Successfully opened dynamic library libcusolver.so.10
2021-07-07 01:16:31.694333: I tensorflow/stream_executor/platform/default/dso_loader.cc:44] Successfully opened dynamic library libcusparse.so.10
2021-07-07 01:16:31.694351: I tensorflow/stream_executor/platform/default/dso_loader.cc:44] Successfully opened dynamic library libcudnn.so.7
2021-07-07 01:16:31.700512: I tensorflow/core/common_runtime/gpu/gpu_device.cc:1767] Adding visible gpu devices: 0
2021-07-07 01:16:31.700555: I tensorflow/stream_executor/platform/default/dso_loader.cc:44] Successfully opened dynamic library libcudart.so.10.1
2021-07-07 01:16:31.796400: I tensorflow/core/common_runtime/gpu/gpu_device.cc:1180] Device interconnect StreamExecutor with strength 1 edge matrix:
2021-07-07 01:16:31.796472: I tensorflow/core/common_runtime/gpu/gpu_device.cc:1186]      0 
2021-07-07 01:16:31.796486: I tensorflow/core/common_runtime/gpu/gpu_device.cc:1199] 0:   N 
2021-07-07 01:16:31.799213: I tensorflow/core/common_runtime/gpu/gpu_device.cc:1325] Created TensorFlow device (/job:localhost/replica:0/task:0/device:GPU:0 with 15059 MB memory) -> physical GPU (device: 0, name: Tesla V100-SXM2-16GB, pci bus id: 0000:1c:00.0, compute capability: 7.0)
2021-07-07 01:16:31.801233: I tensorflow/compiler/xla/service/service.cc:168] XLA service 0x5574d1ddb0e0 initialized for platform CUDA (this does not guarantee that XLA will be used). Devices:
2021-07-07 01:16:31.801267: I tensorflow/compiler/xla/service/service.cc:176]   StreamExecutor device (0): Tesla V100-SXM2-16GB, Compute Capability 7.0
2021-07-07 01:16:50.253056: I tensorflow/stream_executor/platform/default/dso_loader.cc:44] Successfully opened dynamic library libcufft.so.10
2021-07-07 01:16:50.624996: I tensorflow/stream_executor/platform/default/dso_loader.cc:44] Successfully opened dynamic library libcudnn.so.7
2021-07-07 01:16:51.846144: I tensorflow/stream_executor/platform/default/dso_loader.cc:44] Successfully opened dynamic library libcublas.so.10
10
20
30
40
50
60
70
80
90
100
110
120
130
140
150
160
170
180
190
200
210
220
230
240
250
260
270
280
290
300
310
320
330
340
350
360
370
380
390
400
410
420
430
440
450
460
470
480
490
500
510
520
530
540
550
560
570
580
590
600
610
620
630
640
650
660
670
680
690
700
710
720
730
740
750
760
770
780
790
800
810
820
830
840
850
860
870
880
890
900
910
920
930
940
950
960
970
980
990
1000
1010
1020
1030
1040
1050
1060
1070
1080
1090
1100
1110
1120
1130
1140
1150
1160
1170
1180
1190
1200
1210
1220
1230
1240
1250
1260
1270
1280
1290
1300
1310
1320
1330
1340
1350
1360
1370
1380
1390
1400
1410
1420
1430
1440
1450
1460
1470
1480
1490
1500
1510
1520
1530
1540
1550
1560
1570
1580
1590
1600
1610
1620
1630
1640
1650
1660
1670
1680
1690
1700
1710
1720
1730
1740
1750
1760
1770
1780
1790
1800
1810
1820
1830
1840
1850
1860
1870
1880
1890
1900
1910
1920
1930
1940
1950
1960
1970
1980
1990
2000
2010
2020
2030
2040
2050
2060
2070
2080
2090
2100
2110
2120
2130
2140
2150
2160
2170
2180
2190
2200
2210
2220
2230
2240
2250
2260
2270
2280
2290
2300
2310
2320
2330
2340
2350
2360
2370
2380
2390
2400
2410
2420
2430
2440
2450
2460
2470
2480
2490
2500
2510
2520
2530
2540
2550
2560
2570
2580
2590
2600
2610
2620
2630
2640
2650
2660
2670
2680
2690
2700
2710
2720
2730
2740
2750
2760
2770
2780
2790
2800
2810
2820
2830
2840
2850
2860
2870
2880
2890
2900
2910
2920
2930
2940
2950
2960
2970
2980
2990
3000
3010
3020
3030
3040
3050
3060
3070
